<?xml version="1.0" encoding="UTF-8"?>
<!-- Generated by org.testng.reporters.JUnitReportReporter -->
<testsuite hostname="BHANU-LAPTOP" failures="0" tests="1" name="script.InvalidLogin" time="15.158" errors="0" timestamp="2023-11-09T11:40:38 IST" skipped="0">
  <testcase classname="script.InvalidLogin" name="testInvalidLogin" time="15.158"/>
  <system-out>
    <![CDATA[Execute in Grid:yes
Browser is:chrome
Enter the URL:https://opensource-demo.orangehrmlive.com/
Maximize the browser
Set ITO:10
Set ETO:9
Close the browser
Execute in Grid:yes
Browser is:chrome
Enter the URL:https://opensource-demo.orangehrmlive.com/
Maximize the browser
Set ITO:10
Set ETO:9
Close the browser]]>
  </system-out>
</testsuite> <!-- script.InvalidLogin -->
